TN:
SF:/Users/mallow/Code/ke/project-origin/__demo_template__/packages/share/constants.js
FNF:0
FNH:0
DA:1,1
LF:1
LH:1
BRF:0
BRH:0
end_of_record
TN:
SF:/Users/mallow/Code/ke/project-origin/__demo_template__/packages/share/getComponentType.js
FN:4,getComponentType
FNF:1
FNH:1
FNDA:8,getComponentType
DA:5,8
DA:6,8
DA:7,2
DA:9,6
DA:10,3
DA:12,3
LF:6
LH:6
BRDA:6,0,0,2
BRDA:6,0,1,6
BRDA:6,1,0,8
BRDA:6,1,1,5
BRDA:6,1,2,5
BRDA:9,2,0,3
BRDA:9,2,1,3
BRDA:9,3,0,6
BRDA:9,3,1,3
BRF:9
BRH:9
end_of_record
TN:
SF:/Users/mallow/Code/ke/project-origin/__demo_template__/packages/share/whichType.js
FN:1,whichType
FNF:1
FNH:1
FNDA:8,whichType
DA:2,8
DA:3,8
DA:4,0
DA:5,0
DA:7,8
LF:5
LH:3
BRDA:3,0,0,0
BRDA:3,0,1,8
BRF:2
BRH:1
end_of_record
TN:
SF:/Users/mallow/Code/ke/project-origin/demo-basic/packages/react-dom/getComponentType.js
FN:3,getComponentType
FNF:1
FNH:1
FNDA:6,getComponentType
DA:4,6
DA:6,6
DA:8,6
DA:9,2
DA:12,6
DA:13,1
DA:15,6
LF:7
LH:7
BRDA:8,0,0,2
BRDA:8,0,1,4
BRDA:8,1,0,6
BRDA:8,1,1,3
BRDA:12,2,0,1
BRDA:12,2,1,5
BRF:6
BRH:6
end_of_record
TN:
SF:/Users/mallow/Code/ke/project-origin/demo-basic/packages/share/utils.js
FN:2,whichType
FNF:1
FNH:1
FNDA:6,whichType
DA:1,1
DA:3,6
DA:4,6
DA:5,0
DA:6,0
DA:8,6
LF:6
LH:4
BRDA:4,0,0,0
BRDA:4,0,1,6
BRF:2
BRH:1
end_of_record
TN:
SF:/Users/mallow/Code/ke/project-origin/demo-vdom/packages/share/constants.js
FNF:0
FNH:0
DA:1,1
LF:1
LH:1
BRF:0
BRH:0
end_of_record
TN:
SF:/Users/mallow/Code/ke/project-origin/demo-vdom/packages/share/getComponentType.js
FN:4,getComponentType
FNF:1
FNH:1
FNDA:8,getComponentType
DA:5,8
DA:6,8
DA:7,2
DA:9,6
DA:10,3
DA:12,3
LF:6
LH:6
BRDA:6,0,0,2
BRDA:6,0,1,6
BRDA:6,1,0,8
BRDA:6,1,1,5
BRDA:6,1,2,5
BRDA:9,2,0,3
BRDA:9,2,1,3
BRDA:9,3,0,6
BRDA:9,3,1,3
BRF:9
BRH:9
end_of_record
TN:
SF:/Users/mallow/Code/ke/project-origin/demo-vdom/packages/share/whichType.js
FN:1,whichType
FNF:1
FNH:1
FNDA:8,whichType
DA:2,8
DA:3,8
DA:4,0
DA:5,0
DA:7,8
LF:5
LH:3
BRDA:3,0,0,0
BRDA:3,0,1,8
BRF:2
BRH:1
end_of_record
